e:\projectagle\repo\visionwrapper\x64\debug\visionwrapper.pch
e:\projectagle\repo\visionwrapper\x64\debug\vc140.pdb
e:\projectagle\repo\visionwrapper\x64\debug\stdafx.obj
e:\projectagle\repo\visionwrapper\x64\debug\visionwrapper.obj
e:\projectagle\repo\visionwrapper\x64\debug\assemblyinfo.obj
e:\projectagle\repo\visionwrapper\x64\debug\.netframework,version=v4.6.assemblyattributes.obj
e:\projectagle\repo\visionwrapper\x64\debug\.netframework,version=v4.6.assemblyattributes.asm
e:\projectagle\repo\visionwrapper\x64\debug\app.res
e:\projectagle\repo\x64\debug\visionwrapper.pdb
e:\projectagle\repo\visionwrapper\x64\debug\visionwrapper.tlog\cl.command.1.tlog
e:\projectagle\repo\visionwrapper\x64\debug\visionwrapper.tlog\cl.read.1.tlog
e:\projectagle\repo\visionwrapper\x64\debug\visionwrapper.tlog\cl.write.1.tlog
e:\projectagle\repo\visionwrapper\x64\debug\visionwrapper.tlog\link.11060-cvtres.read.1.tlog
e:\projectagle\repo\visionwrapper\x64\debug\visionwrapper.tlog\link.11060-cvtres.write.1.tlog
e:\projectagle\repo\visionwrapper\x64\debug\visionwrapper.tlog\link.11060-rc.read.1.tlog
e:\projectagle\repo\visionwrapper\x64\debug\visionwrapper.tlog\link.11060-rc.write.1.tlog
e:\projectagle\repo\visionwrapper\x64\debug\visionwrapper.tlog\link.11060.read.1.tlog
e:\projectagle\repo\visionwrapper\x64\debug\visionwrapper.tlog\link.11060.write.1.tlog
e:\projectagle\repo\visionwrapper\x64\debug\visionwrapper.tlog\link.command.1.tlog
e:\projectagle\repo\visionwrapper\x64\debug\visionwrapper.tlog\link.read.1.tlog
e:\projectagle\repo\visionwrapper\x64\debug\visionwrapper.tlog\link.write.1.tlog
e:\projectagle\repo\visionwrapper\x64\debug\visionwrapper.tlog\metagen.read.1.tlog
e:\projectagle\repo\visionwrapper\x64\debug\visionwrapper.tlog\metagen.write.1.tlog
e:\projectagle\repo\visionwrapper\x64\debug\visionwrapper.tlog\rc.command.1.tlog
e:\projectagle\repo\visionwrapper\x64\debug\visionwrapper.tlog\rc.read.1.tlog
e:\projectagle\repo\visionwrapper\x64\debug\visionwrapper.tlog\rc.write.1.tlog
e:\projectagle\repo\visionwrapper\x64\debug\visionwrapper.tlog\tzres.dll.bi
