e:\projectagle\repo\kinectvisionwrapper\x64\debug\kinectvisionwrapper.pch
e:\projectagle\repo\kinectvisionwrapper\x64\debug\vc140.pdb
e:\projectagle\repo\kinectvisionwrapper\x64\debug\stdafx.obj
e:\projectagle\repo\kinectvisionwrapper\x64\debug\kinectvisionwrapper.obj
e:\projectagle\repo\kinectvisionwrapper\x64\debug\assemblyinfo.obj
e:\projectagle\repo\kinectvisionwrapper\x64\debug\.netframework,version=v4.6.assemblyattributes.obj
e:\projectagle\repo\kinectvisionwrapper\x64\debug\.netframework,version=v4.6.assemblyattributes.asm
e:\projectagle\repo\x64\debug\kinectvisionwrapper.dll
e:\projectagle\repo\x64\debug\kinectvisionwrapper.pdb
e:\projectagle\repo\kinectvisionwrapper\x64\debug\app.res
e:\projectagle\repo\kinectvisionwrapper\x64\debug\kinectvi.c269e86d.tlog\cl.command.1.tlog
e:\projectagle\repo\kinectvisionwrapper\x64\debug\kinectvi.c269e86d.tlog\cl.read.1.tlog
e:\projectagle\repo\kinectvisionwrapper\x64\debug\kinectvi.c269e86d.tlog\cl.write.1.tlog
e:\projectagle\repo\kinectvisionwrapper\x64\debug\kinectvi.c269e86d.tlog\link.command.1.tlog
e:\projectagle\repo\kinectvisionwrapper\x64\debug\kinectvi.c269e86d.tlog\link.read.1.tlog
e:\projectagle\repo\kinectvisionwrapper\x64\debug\kinectvi.c269e86d.tlog\link.write.1.tlog
e:\projectagle\repo\kinectvisionwrapper\x64\debug\kinectvi.c269e86d.tlog\metagen.read.1.tlog
e:\projectagle\repo\kinectvisionwrapper\x64\debug\kinectvi.c269e86d.tlog\metagen.write.1.tlog
e:\projectagle\repo\kinectvisionwrapper\x64\debug\kinectvi.c269e86d.tlog\rc.command.1.tlog
e:\projectagle\repo\kinectvisionwrapper\x64\debug\kinectvi.c269e86d.tlog\rc.read.1.tlog
e:\projectagle\repo\kinectvisionwrapper\x64\debug\kinectvi.c269e86d.tlog\rc.write.1.tlog
e:\projectagle\repo\kinectvisionwrapper\x64\debug\kinectvi.c269e86d.tlog\tzres.dll.bi
