生成启动时间为 2015/11/11 21:45:20。
     1>项目“E:\ProjectAgle\Repo\KinectVisionWrapper\KinectVisionWrapper.vcxproj”在节点 2 上(Rebuild 个目标)。
     1>ClCompile:
         D:\Program Files (x86)\Microsoft Visual Studio 14.0\VC\bin\x86_amd64\CL.exe /c /IC:\opencv2410\opencv\build\include /AI"C:\Program Files (x86)\Reference Assemblies\Microsoft\Framework\.NETFramework\v4.6\\" /AI"C:\Program Files (x86)\Windows Kits\8.1\References\CommonConfiguration\Neutral" /AI"C:\Program Files (x86)\Reference Assemblies\Microsoft\Framework\.NETFramework\v4.6\Facades\\" /Zi /clr /nologo /W3 /WX- /Od /D _DEBUG /D _WINDLL /D _UNICODE /D UNICODE /EHa /MDd /GS /fp:precise /Zc:wchar_t /Zc:forScope /Zc:inline /Yc"stdafx.h" /Fp"x64\Debug\KinectVisionWrapper.pch" /Fo"x64\Debug\\" /Fd"x64\Debug\vc140.pdb" /TP /FU"C:\Program Files (x86)\Reference Assemblies\Microsoft\Framework\.NETFramework\v4.6\mscorlib.dll" /FU"C:\Program Files (x86)\Reference Assemblies\Microsoft\Framework\.NETFramework\v4.6\System.Data.dll" /FU"C:\Program Files (x86)\Reference Assemblies\Microsoft\Framework\.NETFramework\v4.6\System.dll" /FU"C:\Program Files (x86)\Reference Assemblies\Microsoft\Framework\.NETFramework\v4.6\System.Drawing.dll" /FU"C:\Program Files (x86)\Reference Assemblies\Microsoft\Framework\.NETFramework\v4.6\System.Xml.dll" /errorReport:prompt /clr:nostdlib Stdafx.cpp
         Stdafx.cpp
         D:\Program Files (x86)\Microsoft Visual Studio 14.0\VC\bin\x86_amd64\CL.exe /c /IC:\opencv2410\opencv\build\include /AI"C:\Program Files (x86)\Reference Assemblies\Microsoft\Framework\.NETFramework\v4.6\\" /AI"C:\Program Files (x86)\Windows Kits\8.1\References\CommonConfiguration\Neutral" /AI"C:\Program Files (x86)\Reference Assemblies\Microsoft\Framework\.NETFramework\v4.6\Facades\\" /Zi /clr /nologo /W3 /WX- /Od /D _DEBUG /D _WINDLL /D _UNICODE /D UNICODE /EHa /MDd /GS /fp:precise /Zc:wchar_t /Zc:forScope /Zc:inline /Yu"stdafx.h" /Fp"x64\Debug\KinectVisionWrapper.pch" /Fo"x64\Debug\\" /Fd"x64\Debug\vc140.pdb" /TP /FU"C:\Program Files (x86)\Reference Assemblies\Microsoft\Framework\.NETFramework\v4.6\mscorlib.dll" /FU"C:\Program Files (x86)\Reference Assemblies\Microsoft\Framework\.NETFramework\v4.6\System.Data.dll" /FU"C:\Program Files (x86)\Reference Assemblies\Microsoft\Framework\.NETFramework\v4.6\System.dll" /FU"C:\Program Files (x86)\Reference Assemblies\Microsoft\Framework\.NETFramework\v4.6\System.Drawing.dll" /FU"C:\Program Files (x86)\Reference Assemblies\Microsoft\Framework\.NETFramework\v4.6\System.Xml.dll" /errorReport:prompt /clr:nostdlib AssemblyInfo.cpp KinectVisionWrapper.cpp
         AssemblyInfo.cpp
         KinectVisionWrapper.cpp
     1>KinectVisionWrapper.cpp(102): warning C4267: “参数”: 从“size_t”转换到“int”，可能丢失数据
     1>KinectVisionWrapper.cpp(112): warning C4267: “参数”: 从“size_t”转换到“int”，可能丢失数据
         正在生成代码...
         D:\Program Files (x86)\Microsoft Visual Studio 14.0\VC\bin\x86_amd64\CL.exe /c /IC:\opencv2410\opencv\build\include /Zi /clr /nologo /W3 /WX- /Od /D _DEBUG /D _WINDLL /D _UNICODE /D UNICODE /EHa /MDd /GS /fp:precise /Zc:wchar_t /Zc:forScope /Zc:inline /Fp"x64\Debug\KinectVisionWrapper.pch" /Fa"x64\Debug\\" /Fo"x64\Debug\\" /Fd"x64\Debug\vc140.pdb" /errorReport:prompt "C:\Users\FREEDOM26\AppData\Local\Temp\.NETFramework,Version=v4.6.AssemblyAttributes.cpp"
         .NETFramework,Version=v4.6.AssemblyAttributes.cpp
       ResourceCompile:
         C:\Program Files (x86)\Windows Kits\8.1\bin\x86\rc.exe /D _UNICODE /D UNICODE /l"0x0409" /nologo /fo"x64\Debug\app.res" app.rc 
       Link:
         D:\Program Files (x86)\Microsoft Visual Studio 14.0\VC\bin\x86_amd64\link.exe /ERRORREPORT:PROMPT /OUT:"E:\ProjectAgle\Repo\x64\Debug\KinectVisionWrapper.dll" /INCREMENTAL /NOLOGO /MANIFEST /MANIFESTUAC:"level='asInvoker' uiAccess='false'" /manifest:embed /Debug /PDB:"E:\ProjectAgle\Repo\x64\Debug\KinectVisionWrapper.pdb" /ASSEMBLYDEBUG /TLBID:1 /DYNAMICBASE /FIXED:NO /NXCOMPAT /MACHINE:X64 /DLL x64\Debug\app.res
         x64\Debug\AssemblyInfo.obj
         x64\Debug\KinectVisionWrapper.obj
         x64\Debug\Stdafx.obj
         "x64\Debug\.NETFramework,Version=v4.6.AssemblyAttributes.obj"
         C:\opencv2410\opencv\build\x64\vc12\lib\opencv_calib3d2410d.lib
         C:\opencv2410\opencv\build\x64\vc12\lib\opencv_contrib2410d.lib
         C:\opencv2410\opencv\build\x64\vc12\lib\opencv_core2410d.lib
         C:\opencv2410\opencv\build\x64\vc12\lib\opencv_features2d2410d.lib
         C:\opencv2410\opencv\build\x64\vc12\lib\opencv_flann2410d.lib
         C:\opencv2410\opencv\build\x64\vc12\lib\opencv_gpu2410d.lib
         C:\opencv2410\opencv\build\x64\vc12\lib\opencv_highgui2410d.lib
         C:\opencv2410\opencv\build\x64\vc12\lib\opencv_imgproc2410d.lib
         C:\opencv2410\opencv\build\x64\vc12\lib\opencv_legacy2410d.lib
         C:\opencv2410\opencv\build\x64\vc12\lib\opencv_ml2410d.lib
         C:\opencv2410\opencv\build\x64\vc12\lib\opencv_nonfree2410d.lib
         C:\opencv2410\opencv\build\x64\vc12\lib\opencv_objdetect2410d.lib
         C:\opencv2410\opencv\build\x64\vc12\lib\opencv_ocl2410d.lib
         C:\opencv2410\opencv\build\x64\vc12\lib\opencv_photo2410d.lib
         C:\opencv2410\opencv\build\x64\vc12\lib\opencv_stitching2410d.lib
         C:\opencv2410\opencv\build\x64\vc12\lib\opencv_superres2410d.lib
         C:\opencv2410\opencv\build\x64\vc12\lib\opencv_ts2410d.lib
         C:\opencv2410\opencv\build\x64\vc12\lib\opencv_video2410d.lib
         C:\opencv2410\opencv\build\x64\vc12\lib\opencv_videostab2410d.lib
         KinectVisionWrapper.vcxproj -> E:\ProjectAgle\Repo\x64\Debug\KinectVisionWrapper.dll
     1>已完成生成项目“E:\ProjectAgle\Repo\KinectVisionWrapper\KinectVisionWrapper.vcxproj”(Rebuild 个目标)的操作。

已成功生成。

已用时间 00:00:01.77
